Determining if the pthread_create exist failed with the following output:
Change Dir: /home/zq/15721-peloton/15721-peloton-hey-pull-from-here/tpcc_build/CMakeFiles/CMakeTmp

Run Build Command:"/usr/bin/make" "cmTC_bd11c/fast"
/usr/bin/make -f CMakeFiles/cmTC_bd11c.dir/build.make CMakeFiles/cmTC_bd11c.dir/build
make[1]: Entering directory '/home/zq/15721-peloton/15721-peloton-hey-pull-from-here/tpcc_build/CMakeFiles/CMakeTmp'
Building C object CMakeFiles/cmTC_bd11c.dir/CheckSymbolExists.c.o
/usr/bin/cc    -o CMakeFiles/cmTC_bd11c.dir/CheckSymbolExists.c.o   -c /home/zq/15721-peloton/15721-peloton-hey-pull-from-here/tpcc_build/CMakeFiles/CMakeTmp/CheckSymbolExists.c
Linking C executable cmTC_bd11c
/usr/bin/cmake -E cmake_link_script CMakeFiles/cmTC_bd11c.dir/link.txt --verbose=1
/usr/bin/cc      -rdynamic CMakeFiles/cmTC_bd11c.dir/CheckSymbolExists.c.o  -o cmTC_bd11c 
CMakeFiles/cmTC_bd11c.dir/CheckSymbolExists.c.o: In function `main':
CheckSymbolExists.c:(.text+0x1b): undefined reference to `pthread_create'
collect2: error: ld returned 1 exit status
CMakeFiles/cmTC_bd11c.dir/build.make:97: recipe for target 'cmTC_bd11c' failed
make[1]: *** [cmTC_bd11c] Error 1
make[1]: Leaving directory '/home/zq/15721-peloton/15721-peloton-hey-pull-from-here/tpcc_build/CMakeFiles/CMakeTmp'
Makefile:126: recipe for target 'cmTC_bd11c/fast' failed
make: *** [cmTC_bd11c/fast] Error 2

File /home/zq/15721-peloton/15721-peloton-hey-pull-from-here/tpcc_build/CMakeFiles/CMakeTmp/CheckSymbolExists.c:
/* */
#include <pthread.h>

int main(int argc, char** argv)
{
  (void)argv;
#ifndef pthread_create
  return ((int*)(&pthread_create))[argc];
#else
  (void)argc;
  return 0;
#endif
}

Determining if the function pthread_create exists in the pthreads failed with the following output:
Change Dir: /home/zq/15721-peloton/15721-peloton-hey-pull-from-here/tpcc_build/CMakeFiles/CMakeTmp

Run Build Command:"/usr/bin/make" "cmTC_c8ab7/fast"
/usr/bin/make -f CMakeFiles/cmTC_c8ab7.dir/build.make CMakeFiles/cmTC_c8ab7.dir/build
make[1]: Entering directory '/home/zq/15721-peloton/15721-peloton-hey-pull-from-here/tpcc_build/CMakeFiles/CMakeTmp'
Building C object CMakeFiles/cmTC_c8ab7.dir/CheckFunctionExists.c.o
/usr/bin/cc   -DCHECK_FUNCTION_EXISTS=pthread_create   -o CMakeFiles/cmTC_c8ab7.dir/CheckFunctionExists.c.o   -c /usr/share/cmake-3.10/Modules/CheckFunctionExists.c
Linking C executable cmTC_c8ab7
/usr/bin/cmake -E cmake_link_script CMakeFiles/cmTC_c8ab7.dir/link.txt --verbose=1
/usr/bin/cc  -DCHECK_FUNCTION_EXISTS=pthread_create    -rdynamic CMakeFiles/cmTC_c8ab7.dir/CheckFunctionExists.c.o  -o cmTC_c8ab7 -lpthreads 
/usr/bin/ld: cannot find -lpthreads
collect2: error: ld returned 1 exit status
CMakeFiles/cmTC_c8ab7.dir/build.make:97: recipe for target 'cmTC_c8ab7' failed
make[1]: *** [cmTC_c8ab7] Error 1
make[1]: Leaving directory '/home/zq/15721-peloton/15721-peloton-hey-pull-from-here/tpcc_build/CMakeFiles/CMakeTmp'
Makefile:126: recipe for target 'cmTC_c8ab7/fast' failed
make: *** [cmTC_c8ab7/fast] Error 2


