Determining if the pthread_create exist failed with the following output:
Change Dir: /home/zq/15721-peloton/15721-peloton-hey-pull-from-here/ycsb_build/CMakeFiles/CMakeTmp

Run Build Command:"/usr/bin/make" "cmTC_03fbb/fast"
/usr/bin/make -f CMakeFiles/cmTC_03fbb.dir/build.make CMakeFiles/cmTC_03fbb.dir/build
make[1]: Entering directory '/home/zq/15721-peloton/15721-peloton-hey-pull-from-here/ycsb_build/CMakeFiles/CMakeTmp'
Building C object CMakeFiles/cmTC_03fbb.dir/CheckSymbolExists.c.o
/usr/bin/cc    -o CMakeFiles/cmTC_03fbb.dir/CheckSymbolExists.c.o   -c /home/zq/15721-peloton/15721-peloton-hey-pull-from-here/ycsb_build/CMakeFiles/CMakeTmp/CheckSymbolExists.c
Linking C executable cmTC_03fbb
/usr/bin/cmake -E cmake_link_script CMakeFiles/cmTC_03fbb.dir/link.txt --verbose=1
/usr/bin/cc      -rdynamic CMakeFiles/cmTC_03fbb.dir/CheckSymbolExists.c.o  -o cmTC_03fbb 
CMakeFiles/cmTC_03fbb.dir/CheckSymbolExists.c.o: In function `main':
CheckSymbolExists.c:(.text+0x1b): undefined reference to `pthread_create'
collect2: error: ld returned 1 exit status
CMakeFiles/cmTC_03fbb.dir/build.make:97: recipe for target 'cmTC_03fbb' failed
make[1]: *** [cmTC_03fbb] Error 1
make[1]: Leaving directory '/home/zq/15721-peloton/15721-peloton-hey-pull-from-here/ycsb_build/CMakeFiles/CMakeTmp'
Makefile:126: recipe for target 'cmTC_03fbb/fast' failed
make: *** [cmTC_03fbb/fast] Error 2

File /home/zq/15721-peloton/15721-peloton-hey-pull-from-here/ycsb_build/CMakeFiles/CMakeTmp/CheckSymbolExists.c:
/* */
#include <pthread.h>

int main(int argc, char** argv)
{
  (void)argv;
#ifndef pthread_create
  return ((int*)(&pthread_create))[argc];
#else
  (void)argc;
  return 0;
#endif
}

Determining if the function pthread_create exists in the pthreads failed with the following output:
Change Dir: /home/zq/15721-peloton/15721-peloton-hey-pull-from-here/ycsb_build/CMakeFiles/CMakeTmp

Run Build Command:"/usr/bin/make" "cmTC_a0d39/fast"
/usr/bin/make -f CMakeFiles/cmTC_a0d39.dir/build.make CMakeFiles/cmTC_a0d39.dir/build
make[1]: Entering directory '/home/zq/15721-peloton/15721-peloton-hey-pull-from-here/ycsb_build/CMakeFiles/CMakeTmp'
Building C object CMakeFiles/cmTC_a0d39.dir/CheckFunctionExists.c.o
/usr/bin/cc   -DCHECK_FUNCTION_EXISTS=pthread_create   -o CMakeFiles/cmTC_a0d39.dir/CheckFunctionExists.c.o   -c /usr/share/cmake-3.10/Modules/CheckFunctionExists.c
Linking C executable cmTC_a0d39
/usr/bin/cmake -E cmake_link_script CMakeFiles/cmTC_a0d39.dir/link.txt --verbose=1
/usr/bin/cc  -DCHECK_FUNCTION_EXISTS=pthread_create    -rdynamic CMakeFiles/cmTC_a0d39.dir/CheckFunctionExists.c.o  -o cmTC_a0d39 -lpthreads 
/usr/bin/ld: cannot find -lpthreads
collect2: error: ld returned 1 exit status
CMakeFiles/cmTC_a0d39.dir/build.make:97: recipe for target 'cmTC_a0d39' failed
make[1]: *** [cmTC_a0d39] Error 1
make[1]: Leaving directory '/home/zq/15721-peloton/15721-peloton-hey-pull-from-here/ycsb_build/CMakeFiles/CMakeTmp'
Makefile:126: recipe for target 'cmTC_a0d39/fast' failed
make: *** [cmTC_a0d39/fast] Error 2


